<?xml version="1.0" encoding="UTF-8"?>
<!-- Generated by org.testng.reporters.JUnitXMLReporter -->
<testsuite ignored="1" hostname="DESKTOP-I0Q3SD8" failures="0" tests="12" name="Batch" time="0.19" errors="0" timestamp="2024-09-30T15:13:39 IST">
  <testcase classname="testng.EnabledFlagPractice" name="demo3" time="0.011"/>
  <testcase classname="testng.PriorityFlagPractice" name="demo" time="0.001"/>
  <testcase classname="testng.PriorityFlagPractice" name="demo2" time="0.001"/>
  <testcase classname="testng.PriorityFlagPractice" name="demo4" time="0.002"/>
  <testcase classname="testng.PriorityFlagPractice" name="demo3" time="0.011"/>
  <testcase classname="testng.SampleTest" name="demo" time="0.008"/>
  <testcase classname="testng.SampleTest" name="demo1" time="0.004"/>
  <testcase classname="testng.InvocationCountPractice" name="Demo1" time="0.004"/>
  <testcase classname="testng.InvocationCountPractice" name="Demo1" time="0.002"/>
  <testcase classname="testng.InvocationCountPractice" name="Demo1" time="0.002"/>
  <testcase classname="testng.InvocationCountPractice" name="Demo3" time="0.005"/>
  <testcase classname="testng.InvocationCountPractice" name="Demo3" time="0.006"/>
  <testcase classname="testng.EnabledFlagPractice" name="demo1" time="0.0">
    <ignored/>
  </testcase> <!-- demo1 -->
</testsuite> <!-- Batch -->
