<?xml version="1.0" encoding="UTF-8"?>
<!-- Generated by org.testng.reporters.JUnitXMLReporter -->
<testsuite ignored="0" hostname="DESKTOP-I0Q3SD8" failures="0" tests="6" name="Test Runner 2" time="0.171" errors="0" timestamp="2024-10-02T15:30:39 IST">
  <testcase classname="distributedParallel.Test3" name="Demo1" time="0.018"/>
  <testcase classname="distributedParallel.Test3" name="Demo2" time="0.002"/>
  <testcase classname="distributedParallel.Test3" name="Demo3" time="0.008"/>
  <testcase classname="distributedParallel.Test4" name="Demo1" time="0.05"/>
  <testcase classname="distributedParallel.Test4" name="Demo2" time="0.003"/>
  <testcase classname="distributedParallel.Test4" name="Demo3" time="0.005"/>
</testsuite> <!-- Test Runner 2 -->
