<?xml version="1.0" encoding="UTF-8"?>
<!-- Generated by org.testng.reporters.JUnitXMLReporter -->
<testsuite ignored="0" hostname="DESKTOP-I0Q3SD8" failures="0" tests="6" name="Test Runner 3" time="0.197" errors="0" timestamp="2024-10-02T15:30:39 IST">
  <testcase classname="distributedParallel.Test5" name="Demo1" time="0.013"/>
  <testcase classname="distributedParallel.Test5" name="Demo2" time="0.002"/>
  <testcase classname="distributedParallel.Test5" name="Demo3" time="0.003"/>
  <testcase classname="distributedParallel.Test6" name="Demo1" time="0.006"/>
  <testcase classname="distributedParallel.Test6" name="Demo2" time="0.009"/>
  <testcase classname="distributedParallel.Test6" name="Demo3" time="0.014"/>
</testsuite> <!-- Test Runner 3 -->
