<?xml version="1.0" encoding="UTF-8"?>
<!-- Generated by org.testng.reporters.JUnitXMLReporter -->
<testsuite ignored="5" hostname="DESKTOP-I0Q3SD8" failures="0" tests="5" name="Test" time="0.081" errors="0" timestamp="2024-09-30T15:49:39 IST">
  <testcase classname="groupExecution.Test3" name="Demo2" time="0.01"/>
  <testcase classname="groupExecution.Test1" name="Demo1" time="0.002"/>
  <testcase classname="groupExecution.Test1" name="Demo2" time="0.002"/>
  <testcase classname="groupExecution.Test1" name="Demo3" time="0.003"/>
  <testcase classname="groupExecution.Test2" name="Demo3" time="0.002"/>
  <testcase classname="groupExecution.Test3" name="Demo1" time="0.0">
    <ignored/>
  </testcase> <!-- Demo1 -->
  <testcase classname="groupExecution.Test2" name="Demo2" time="0.0">
    <ignored/>
  </testcase> <!-- Demo2 -->
  <testcase classname="groupExecution.Test4" name="Demo1" time="0.0">
    <ignored/>
  </testcase> <!-- Demo1 -->
  <testcase classname="groupExecution.Test2" name="Demo1" time="0.0">
    <ignored/>
  </testcase> <!-- Demo1 -->
  <testcase classname="groupExecution.Test3" name="Demo3" time="0.0">
    <ignored/>
  </testcase> <!-- Demo3 -->
</testsuite> <!-- Test -->
